#-----------------------------------------------------------
# Vivado v2018.3 (64-bit)
# SW Build 2405991 on Thu Dec  6 23:38:27 MST 2018
# IP Build 2404404 on Fri Dec  7 01:43:56 MST 2018
# Start of session at: Mon Nov 18 23:32:36 2019
# Process ID: 6936
# Current directory: C:/TEMP/labo4_vhdlcode
# Command line: vivado.exe -gui_launcher_event rodinguilauncherevent8284 C:\TEMP\labo4_vhdlcode\labo4_vhdlcode.xpr
# Log file: C:/TEMP/labo4_vhdlcode/vivado.log
# Journal file: C:/TEMP/labo4_vhdlcode\vivado.jou
#-----------------------------------------------------------
start_gui
open_project C:/TEMP/labo4_vhdlcode/labo4_vhdlcode.xpr
Scanning sources...
Finished scanning sources
INFO: [IP_Flow 19-234] Refreshing IP repositories
INFO: [IP_Flow 19-1704] No user IP repositories specified
INFO: [IP_Flow 19-2313] Loaded Vivado IP repository 'C:/Logiciels/Xilinx/Vivado/2018.3/data/ip'.
open_project: Time (s): cpu = 00:00:13 ; elapsed = 00:00:05 . Memory (MB): peak = 710.055 ; gain = 98.418
update_compile_order -fileset sources_1
exit
INFO: [Common 17-206] Exiting Vivado at Mon Nov 18 23:33:16 2019...
