#-----------------------------------------------------------
# Vivado v2018.3 (64-bit)
# SW Build 2405991 on Thu Dec  6 23:38:27 MST 2018
# IP Build 2404404 on Fri Dec  7 01:43:56 MST 2018
# Start of session at: Tue Oct 22 08:25:01 2019
# Process ID: 11508
# Current directory: Y:/TEMP/labo2_ta3_zebi
# Command line: vivado.exe -gui_launcher_event rodinguilauncherevent15000 Y:\TEMP\labo2_ta3_zebi\labo2_ta3_zebi.xpr
# Log file: Y:/TEMP/labo2_ta3_zebi/vivado.log
# Journal file: Y:/TEMP/labo2_ta3_zebi\vivado.jou
#-----------------------------------------------------------
start_gui
open_project Y:/TEMP/labo2_ta3_zebi/labo2_ta3_zebi.xpr
Scanning sources...
Finished scanning sources
INFO: [IP_Flow 19-234] Refreshing IP repositories
WARNING: [IP_Flow 19-3685] Ignored loading user repository 'y:/TEMP/IP/one_bit_add'. The path is contained within another repository.
INFO: [IP_Flow 19-1700] Loaded user IP repository 'y:/TEMP/IP'.
WARNING: [IP_Flow 19-3685] Ignored loading user repository 'y:/TEMP/IP/4_bit_add'. The path is contained within another repository.
WARNING: [IP_Flow 19-3685] Ignored loading user repository 'y:/TEMP/IP/miroir_1bit'. The path is contained within another repository.
WARNING: [IP_Flow 19-3685] Ignored loading user repository 'y:/TEMP/IP/miroir_4bit'. The path is contained within another repository.
WARNING: [IP_Flow 19-3685] Ignored loading user repository 'y:/TEMP/IP/diviseur_par4'. The path is contained within another repository.
WARNING: [IP_Flow 19-3685] Ignored loading user repository 'y:/TEMP/IP/multiplexeur1'. The path is contained within another repository.
WARNING: [IP_Flow 19-3685] Ignored loading user repository 'y:/TEMP/IP/multiplexeur5'. The path is contained within another repository.
WARNING: [IP_Flow 19-3685] Ignored loading user repository 'y:/TEMP/IP/XUP_LIB'. The path is contained within another repository.
WARNING: [IP_Flow 19-3685] Ignored loading user repository 'y:/TEMP/IP/ATAD_LIB'. The path is contained within another repository.
INFO: [IP_Flow 19-2313] Loaded Vivado IP repository 'C:/Logiciels/Xilinx/Vivado/2018.3/data/ip'.
open_project: Time (s): cpu = 00:00:17 ; elapsed = 00:00:40 . Memory (MB): peak = 719.434 ; gain = 128.000
update_compile_order -fileset sources_1
exit
INFO: [Common 17-206] Exiting Vivado at Tue Oct 22 08:26:21 2019...
